<?xml version="1.0" encoding="UTF-8"?>
<!-- Generated by org.testng.reporters.JUnitReportReporter -->
<testsuite skipped="0" hostname="DESKTOP-EP0ID7K" name="scripts.Validversion" tests="1" failures="0" timestamp="15 Jun 2018 09:00:10 GMT" time="18.310" errors="0">
  <testcase name="checkversion" time="18.310" classname="scripts.Validversion"/>
</testsuite> <!-- scripts.Validversion -->
