<?xml version="1.0" encoding="UTF-8"?>
<!-- Generated by org.testng.reporters.JUnitReportReporter -->
<testsuite skipped="0" hostname="DESKTOP-EP0ID7K" name="scripts.Validloginlogout" tests="1" failures="0" timestamp="15 Jun 2018 08:57:10 GMT" time="10.560" errors="0">
  <testcase name="testValidLoginLogout" time="10.560" classname="scripts.Validloginlogout"/>
</testsuite> <!-- scripts.Validloginlogout -->
